#
# There is insufficient memory for the Java Runtime Environment to continue.
# Native memory allocation (mmap) failed to map 65011712 bytes for G1 virtual space
# Possible reasons:
#   The system is out of physical RAM or swap space
#   The process is running with CompressedOops enabled, and the Java Heap may be blocking the growth of the native heap
# Possible solutions:
#   Reduce memory load on the system
#   Increase physical memory or swap space
#   Check if swap backing store is full
#   Decrease Java heap size (-Xmx/-Xms)
#   Decrease number of Java threads
#   Decrease Java thread stack sizes (-Xss)
#   Set larger code cache with -XX:ReservedCodeCacheSize=
#   JVM is running with Unscaled Compressed Oops mode in which the Java heap is
#     placed in the first 4GB address space. The Java Heap base address is the
#     maximum limit for the native heap growth. Please use -XX:HeapBaseMinAddress
#     to set the Java Heap base and to place the Java Heap above 4GB virtual address.
# This output file may be truncated or incomplete.
#
#  Out of Memory Error (os_windows.cpp:3528), pid=10092, tid=10956
#
# JRE version:  (20.0.1+9) (build )
# Java VM: Java HotSpot(TM) 64-Bit Server VM (20.0.1+9-29, mixed mode, sharing, tiered, compressed oops, compressed class ptrs, g1 gc, windows-amd64)
# No core dump will be written. Minidumps are not enabled by default on client versions of Windows
#

---------------  S U M M A R Y ------------

Command Line: -Dfile.encoding=UTF-8 -XX:+ShowCodeDetailsInExceptionMessages controller.Main

Host: AMD PRO A4-4350B R4, 5 COMPUTE CORES 2C+3G     , 2 cores, 3G,  Windows 10 , 64 bit Build 19041 (10.0.19041.1889)
Time: Sat Jul  8 11:24:19 2023 India Standard Time elapsed time: 0.045152 seconds (0d 0h 0m 0s)

---------------  T H R E A D  ---------------

Current thread (0x0000027a7a8fa9a0):  JavaThread "Unknown thread" [_thread_in_vm, id=10956, stack(0x000000f9d7400000,0x000000f9d7500000)]

Stack: [0x000000f9d7400000,0x000000f9d7500000]
Native frames: (J=compiled Java code, j=interpreted, Vv=VM code, C=native code)
V  [jvm.dll+0x6bb95a]
V  [jvm.dll+0x8485fa]
V  [jvm.dll+0x84a1f5]
V  [jvm.dll+0x84a8f3]
V  [jvm.dll+0x280b0f]
V  [jvm.dll+0x6b86e9]
V  [jvm.dll+0x6ad2da]
V  [jvm.dll+0x35adf5]
V  [jvm.dll+0x363016]
V  [jvm.dll+0x3b3b3e]
V  [jvm.dll+0x3b3dc5]
V  [jvm.dll+0x32b50a]
V  [jvm.dll+0x32c32b]
V  [jvm.dll+0x8112bf]
V  [jvm.dll+0x3c0d91]
V  [jvm.dll+0x7fcfe3]
V  [jvm.dll+0x44c76f]
V  [jvm.dll+0x44e0e1]
C  [jli.dll+0x5287]
C  [ucrtbase.dll+0x21bb2]
C  [KERNEL32.DLL+0x17034]
C  [ntdll.dll+0x526a1]


---------------  P R O C E S S  ---------------

Threads class SMR info:
_java_thread_list=0x00007fff6e91a098, length=0, elements={
}

Java Threads: ( => current thread )

Other Threads:
  0x0000027a7a93a160 WorkerThread "GC Thread#0" [stack: 0x000000f9d7500000,0x000000f9d7600000] [id=4764]
  0x0000027a7a942a80 ConcurrentGCThread "G1 Main Marker" [stack: 0x000000f9d7600000,0x000000f9d7700000] [id=8516]
  0x0000027a7a943d00 WorkerThread "G1 Conc#0" [stack: 0x000000f9d7700000,0x000000f9d7800000] [id=7316]

[error occurred during error reporting (printing all threads), id 0xc0000005, EXCEPTION_ACCESS_VIOLATION (0xc0000005) at pc=0x00007fff6e0feb47]
VM state: not at safepoint (not fully initialized)

VM Mutex/Monitor currently owned by a thread:  ([mutex/lock_event])
[0x0000027a78796ae0] Heap_lock - owner thread: 0x0000027a7a8fa9a0

Heap address: 0x00000000c2800000, size: 984 MB, Compressed Oops mode: 32-bit

CDS archive(s) mapped at: [0x0000000000000000-0x0000000000000000-0x0000000000000000), size 0, SharedBaseAddress: 0x0000000800000000, ArchiveRelocationMode: 0.
Narrow klass base: 0x0000000000000000, Narrow klass shift: 0, Narrow klass range: 0x0

GC Precious Log:
 CardTable entry size: 512
 Card Set container configuration: InlinePtr #cards 5 size 8 Array Of Cards #cards 12 size 40 Howl #buckets 4 coarsen threshold 1843 Howl Bitmap #cards 512 size 80 coarsen threshold 460 Card regions per heap region 1 cards per card region 2048

Heap:
 garbage-first heap   total 0K, used 0K [0x00000000c2800000, 0x0000000100000000)
  region size 1024K, 0 young (0K), 0 survivors (0K)

[error occurred during error reporting (printing heap information), id 0xc0000005, EXCEPTION_ACCESS_VIOLATION (0xc0000005) at pc=0x00007fff6e4d3c59]
GC Heap History (0 events):
No events

Dll operation events (1 events):
Event: 0.029 Loaded shared library C:\Program Files\Java\jdk-20\bin\java.dll

Deoptimization events (0 events):
No events

Classes loaded (0 events):
No events

Classes unloaded (0 events):
No events

Classes redefined (0 events):
No events

Internal exceptions (0 events):
No events

VM Operations (0 events):
No events

Events (0 events):
No events


Dynamic libraries:
0x00007ff67d2e0000 - 0x00007ff67d2f0000 	C:\Program Files\Java\jdk-20\bin\javaw.exe
0x00007fff95f30000 - 0x00007fff96128000 	C:\Windows\SYSTEM32\ntdll.dll
0x00007fff95b90000 - 0x00007fff95c4d000 	C:\Windows\System32\KERNEL32.DLL
0x00007fff93a50000 - 0x00007fff93d22000 	C:\Windows\System32\KERNELBASE.dll
0x00007fff937a0000 - 0x00007fff938a0000 	C:\Windows\System32\ucrtbase.dll
0x00007fff90b80000 - 0x00007fff90b99000 	C:\Program Files\Java\jdk-20\bin\jli.dll
0x00007fff93f80000 - 0x00007fff9402e000 	C:\Windows\System32\ADVAPI32.dll
0x00007fff94040000 - 0x00007fff940de000 	C:\Windows\System32\msvcrt.dll
0x00007fff95e40000 - 0x00007fff95edc000 	C:\Windows\System32\sechost.dll
0x00007fff95020000 - 0x00007fff95145000 	C:\Windows\System32\RPCRT4.dll
0x00007fff94b90000 - 0x00007fff94d2d000 	C:\Windows\System32\USER32.dll
0x00007fff93f20000 - 0x00007fff93f42000 	C:\Windows\System32\win32u.dll
0x00007fff946f0000 - 0x00007fff9471b000 	C:\Windows\System32\GDI32.dll
0x00007fff938a0000 - 0x00007fff939af000 	C:\Windows\System32\gdi32full.dll
0x00007fff939b0000 - 0x00007fff93a4d000 	C:\Windows\System32\msvcp_win.dll
0x00007fff8e460000 - 0x00007fff8e47b000 	C:\Program Files\Java\jdk-20\bin\VCRUNTIME140.dll
0x00007fff92600000 - 0x00007fff9289a000 	C:\Windows\WinSxS\amd64_microsoft.windows.common-controls_6595b64144ccf1df_6.0.19041.1110_none_60b5254171f9507e\COMCTL32.dll
0x00007fff88400000 - 0x00007fff8840a000 	C:\Windows\SYSTEM32\VERSION.dll
0x00007fff94240000 - 0x00007fff94272000 	C:\Windows\System32\IMM32.DLL
0x00007fff93000000 - 0x00007fff9300c000 	C:\Program Files\Java\jdk-20\bin\vcruntime140_1.dll
0x00007fff74cd0000 - 0x00007fff74d5e000 	C:\Program Files\Java\jdk-20\bin\msvcp140.dll
0x00007fff6ddc0000 - 0x00007fff6ea57000 	C:\Program Files\Java\jdk-20\bin\server\jvm.dll
0x00007fff90df0000 - 0x00007fff90df9000 	C:\Windows\SYSTEM32\WSOCK32.dll
0x00007fff94fb0000 - 0x00007fff9501b000 	C:\Windows\System32\WS2_32.dll
0x00007fff883d0000 - 0x00007fff883f7000 	C:\Windows\SYSTEM32\WINMM.dll
0x00007fff90800000 - 0x00007fff90812000 	C:\Windows\SYSTEM32\kernel.appcore.dll
0x00007fff8c9f0000 - 0x00007fff8c9fa000 	C:\Program Files\Java\jdk-20\bin\jimage.dll
0x00007fff93040000 - 0x00007fff93224000 	C:\Windows\SYSTEM32\DBGHELP.DLL
0x00007fff92f90000 - 0x00007fff92fbc000 	C:\Windows\SYSTEM32\dbgcore.DLL
0x00007fff93e90000 - 0x00007fff93f12000 	C:\Windows\System32\bcryptPrimitives.dll
0x00007fff8be80000 - 0x00007fff8bea6000 	C:\Program Files\Java\jdk-20\bin\java.dll

dbghelp: loaded successfully - version: 4.0.5 - missing functions: none
symbol engine: initialized successfully - sym options: 0x614 - pdb path: .;C:\Program Files\Java\jdk-20\bin;C:\Windows\SYSTEM32;C:\Windows\WinSxS\amd64_microsoft.windows.common-controls_6595b64144ccf1df_6.0.19041.1110_none_60b5254171f9507e;C:\Program Files\Java\jdk-20\bin\server

VM Arguments:
jvm_args: -Dfile.encoding=UTF-8 -XX:+ShowCodeDetailsInExceptionMessages 
java_command: controller.Main
java_class_path (initial): C:\Users\PARITHI\eclipse-workspace\InventoryApplication\bin;C:\Users\PARITHI\Documents\mysql-connector-j-8.0.33.jar
Launcher Type: SUN_STANDARD

[Global flags]
     intx CICompilerCount                          = 2                                         {product} {ergonomic}
     uint ConcGCThreads                            = 1                                         {product} {ergonomic}
     uint G1ConcRefinementThreads                  = 2                                         {product} {ergonomic}
   size_t G1HeapRegionSize                         = 1048576                                   {product} {ergonomic}
    uintx GCDrainStackTargetSize                   = 64                                        {product} {ergonomic}
   size_t InitialHeapSize                          = 65011712                                  {product} {ergonomic}
   size_t MarkStackSize                            = 4194304                                   {product} {ergonomic}
   size_t MaxHeapSize                              = 1031798784                                {product} {ergonomic}
   size_t MinHeapDeltaBytes                        = 1048576                                   {product} {ergonomic}
   size_t MinHeapSize                              = 8388608                                   {product} {ergonomic}
    uintx NonNMethodCodeHeapSize                   = 5826188                                {pd product} {ergonomic}
    uintx NonProfiledCodeHeapSize                  = 122916026                              {pd product} {ergonomic}
    uintx ProfiledCodeHeapSize                     = 122916026                              {pd product} {ergonomic}
    uintx ReservedCodeCacheSize                    = 251658240                              {pd product} {ergonomic}
     bool SegmentedCodeCache                       = true                                      {product} {ergonomic}
     bool ShowCodeDetailsInExceptionMessages       = true                                   {manageable} {command line}
   size_t SoftMaxHeapSize                          = 1031798784                             {manageable} {ergonomic}
     bool UseCompressedClassPointers               = true                           {product lp64_product} {ergonomic}
     bool UseCompressedOops                        = true                           {product lp64_product} {ergonomic}
     bool UseG1GC                                  = true                                      {product} {ergonomic}
     bool UseLargePagesIndividualAllocation        = false                                  {pd product} {ergonomic}

Logging:
Log output configuration:
 #0: stdout all=warning uptime,level,tags foldmultilines=false
 #1: stderr all=off uptime,level,tags foldmultilines=false

Environment Variables:
JAVA_HOME=C:\Program Files\Java\jdk-20
PATH=C:\Program Files\Common Files\Oracle\Java\javapath;C:\Program Files (x86)\VMware\VMware Player\bin\;C:\ProgramData\Oracle\Java\javapath;C:\Program Files (x86)\Python37-32\Scripts\;C:\Program Files (x86)\Python37-32\;C:\Windows\system32;C:\Windows;C:\Windows\System32\Wbem;C:\Windows\System32\WindowsPowerShell\v1.0\;C:\Windows\System32\OpenSSH\;C:\Program Files\Java\jdk-20\bin;C:\MinGW\bin;;C:\Program Files\Microsoft VS Code\bin;C:\Program Files\MySQL\MySQL Shell 8.0\bin\;C:\Users\PARITHI\AppData\Local\Microsoft\WindowsApps;C:\Program Files\Java\jdk-19\bin;
USERNAME=PARITHI
OS=Windows_NT
PROCESSOR_IDENTIFIER=AMD64 Family 21 Model 112 Stepping 0, AuthenticAMD
TMP=C:\Users\PARITHI\AppData\Local\Temp
TEMP=C:\Users\PARITHI\AppData\Local\Temp




---------------  S Y S T E M  ---------------

OS:
 Windows 10 , 64 bit Build 19041 (10.0.19041.1889)
OS uptime: 1 days 14:42 hours

CPU: total 2 (initial active 2) (2 cores per cpu, 1 threads per core) family 21 model 112 stepping 0 microcode 0x0, cx8, cmov, fxsr, mmx, 3dnowpref, sse, sse2, sse3, ssse3, sse4a, sse4.1, sse4.2, popcnt, lzcnt, tsc, tscinvbit, avx, avx2, aes, clmul, bmi1, bmi2, fma, vzeroupper, clflush, rdtscp, f16c

Memory: 4k page, system-wide physical 3935M (797M free)
TotalPageFile size 5322M (AvailPageFile size 16M)
current process WorkingSet (physical memory assigned to process): 10M, peak: 10M
current process commit charge ("private bytes"): 47M, peak: 109M

vm_info: Java HotSpot(TM) 64-Bit Server VM (20.0.1+9-29) for windows-amd64 JRE (20.0.1+9-29), built on 2023-03-07T13:56:11Z by "mach5one" with MS VC++ 17.1 (VS2022)

END.
